================================================================================
STEP 1: Loaded dataset
================================================================================ 

>>> Dataset shape (rows, columns): (200, 9)

>>> Column data types:
customer_id          object
age                   int64
plan_type            object
region               object
avg_call_minutes    float64
avg_data_gb         float64
support_tickets       int64
unpaid_bills          int64
churn                 int64
dtype: object

>>> First 5 rows:
  customer_id  age plan_type region  avg_call_minutes  avg_data_gb  support_tickets  unpaid_bills  churn
0    CUST0001   18   Prepaid   East            989.68        29.65                3             1      1
1    CUST0002   32  Postpaid  North            890.38         3.52                2             2      1
2    CUST0003   26  Postpaid  South            787.81        20.48                0             0      0
3    CUST0004   57   Prepaid   West            453.87         6.79                5             1      1
4    CUST0005   57  Postpaid  South            149.69         3.46                0             3      1

>>> DataFrame info:
<class 'pandas.core.frame.DataFrame'>
RangeIndex: 200 entries, 0 to 199
Data columns (total 9 columns):
 #   Column            Non-Null Count  Dtype  
---  ------            --------------  -----  
 0   customer_id       200 non-null    object 
 1   age               200 non-null    int64  
 2   plan_type         200 non-null    object 
 3   region            200 non-null    object 
 4   avg_call_minutes  200 non-null    float64
 5   avg_data_gb       200 non-null    float64
 6   support_tickets   200 non-null    int64  
 7   unpaid_bills      200 non-null    int64  
 8   churn             200 non-null    int64  
dtypes: float64(2), int64(4), object(3)
memory usage: 14.2+ KB

--------------------------------------------------------------------------------

Numeric columns: ['age', 'avg_call_minutes', 'avg_data_gb', 'support_tickets', 'unpaid_bills', 'churn']
Categorical columns: ['customer_id', 'plan_type', 'region']

--------------------------------------------------------------------------------

>>> No missing values detected. Skipping imputation.
--------------------------------------------------------------------------------

Identifier column 'customer_id' found and dropped.

--------------------------------------------------------------------------------

Target variable: 'churn'
Number of features: 7
Feature columns:
['age', 'plan_type', 'region', 'avg_call_minutes', 'avg_data_gb', 'support_tickets', 'unpaid_bills']

--------------------------------------------------------------------------------

>>> Numeric summary statistics:
                  count      mean         std    min       25%     50%       75%      max
age               200.0   43.3650   15.537336  18.00   30.0000   44.00   57.0000    70.00
avg_call_minutes  200.0  647.0884  348.038213  58.45  324.6525  641.22  976.1825  1197.46
avg_data_gb       200.0   16.0532    8.438849   0.63    8.5200   16.93   23.3200    29.98
support_tickets   200.0    2.5550    1.786880   0.00    1.0000    3.00    4.0000     5.00
unpaid_bills      200.0    1.4950    1.075060   0.00    1.0000    1.00    2.0000     3.00
churn             200.0    0.5000    0.501255   0.00    0.0000    0.50    1.0000     1.00

--------------------------------------------------------------------------------

>>> Categorical value counts (top 10 per column):

--- plan_type ---
plan_type
Prepaid     108
Postpaid     92
Name: count, dtype: int64

--- region ---
region
North    54
South    53
East     49
West     44
Name: count, dtype: int64

================================================================================
STEP 1 completed successfully. All detailed logs saved in step1_data_inspection.log
================================================================================ 


>>> Churn distribution:
1: 100 customers (50.00%)
0: 100 customers (50.00%)

--------------------------------------------------------------------------------

