
================================================================================
STEP 5: Model training & evaluation
================================================================================

Using the same preprocessor for both models (ColumnTransformer pipeline).
Preprocessor details:
ColumnTransformer(transformers=[('num',
                                 Pipeline(steps=[('imputer',
                                                  SimpleImputer(strategy='median')),
                                                 ('scaler', StandardScaler())]),
                                 ['age', 'avg_call_minutes', 'avg_data_gb',
                                  'support_tickets', 'unpaid_bills',
                                  'heavy_data_user', 'tickets_x_bills']),
                                ('cat',
                                 Pipeline(steps=[('imputer',
                                                  SimpleImputer(strategy='most_frequent')),
                                                 ('onehot',
                                                  OneHotEncoder(handle_unknown='ignore'))]),
                                 ['plan_type', 'region', 'age_group'])])
Trained Logistic Regression in 0.036 seconds.

Logistic Regression performance (on test set):
Accuracy: 0.6667
Confusion matrix:
[[22  8]
 [12 18]]

Classification report:
              precision    recall  f1-score   support

           0       0.65      0.73      0.69        30
           1       0.69      0.60      0.64        30

    accuracy                           0.67        60
   macro avg       0.67      0.67      0.67        60
weighted avg       0.67      0.67      0.67        60


--------------------------------------------------------------------------------

Trained Decision Tree in 0.020 seconds.

Decision Tree performance (on test set):
Accuracy: 0.7500
Confusion matrix:
[[21  9]
 [ 6 24]]

Classification report:
              precision    recall  f1-score   support

           0       0.78      0.70      0.74        30
           1       0.73      0.80      0.76        30

    accuracy                           0.75        60
   macro avg       0.75      0.75      0.75        60
weighted avg       0.75      0.75      0.75        60


================================================================================
STEP 5 completed: trained and evaluated Logistic Regression and Decision Tree.
Detailed results and diagnostics saved in step5_model_training.log
================================================================================

