
================================================================================
STEP 2: Feature Engineering
================================================================================

Created 'age_group' feature based on age bins.

>>> Age group distribution:
age_group
adult     57
middle    55
young     47
senior    41
Name: count, dtype: int64

----------------------------------------

Created 'heavy_data_user' flag (1 if avg_data_gb > 16.93).

>>> Heavy data user distribution:
heavy_data_user
1    100
0    100
Name: count, dtype: int64

----------------------------------------

Created interaction feature 'tickets_x_bills' (support_tickets × unpaid_bills).

>>> tickets_x_bills summary statistics:
count    200.000000
mean       3.840000
std        4.213451
min        0.000000
25%        0.000000
50%        3.000000
75%        6.000000
max       15.000000
Name: tickets_x_bills, dtype: float64

----------------------------------------

Updated feature list to include engineered features (10 total features).
Current features:
['age', 'plan_type', 'region', 'avg_call_minutes', 'avg_data_gb', 'support_tickets', 'unpaid_bills', 'age_group', 'heavy_data_user', 'tickets_x_bills']

----------------------------------------

>>> Sample of dataset with new features (first 5 rows):
   age plan_type region  avg_call_minutes  avg_data_gb  support_tickets  unpaid_bills age_group  heavy_data_user  tickets_x_bills  churn
0   18   Prepaid   East            989.68        29.65                3             1     young                1                3      1
1   32  Postpaid  North            890.38         3.52                2             2     adult                0                4      1
2   26  Postpaid  South            787.81        20.48                0             0     young                1                0      0
3   57   Prepaid   West            453.87         6.79                5             1    middle                0                5      1
4   57  Postpaid  South            149.69         3.46                0             3    middle                0                0      1

================================================================================
STEP 2 completed successfully. All logs saved in step2_feature_engineering.log
================================================================================

