2025/02/06 18:21:13 Server started at Thu, 06 Feb 2025 18:21:13 EET
2025/02/14 18:12:40 Server started at Fri, 14 Feb 2025 18:12:40 EET
2025/02/14 18:12:48 Accessed About Page - [::1]:54112
2025/02/14 18:12:51 Accessed Index Page - [::1]:54112
2025/02/14 18:13:02 Search Query - scorpions
2025/02/14 18:13:16 Filter Query - creationDateStart=1900&creationDateEnd=2024&firstAlbumDateStart=1900&firstAlbumDateEnd=2024&Member=5
2025/02/14 18:21:20 Server started at Fri, 14 Feb 2025 18:21:20 EET
2025/02/14 18:21:23 Accessed Index Page - [::1]:60912
2025/02/14 18:21:35 Search Query - Scorpions
2025/02/14 18:27:27 Server started at Fri, 14 Feb 2025 18:27:27 EET
2025/02/14 18:27:31 Accessed Index Page - [::1]:51876
2025/02/14 18:27:53 Filter Query - creationDateStart=1900&creationDateEnd=2024&firstAlbumDateStart=1900&firstAlbumDateEnd=2024
2025/02/14 18:27:59 Filter Query - creationDateStart=2000&creationDateEnd=2024&firstAlbumDateStart=1900&firstAlbumDateEnd=2024
2025/02/14 18:30:36 Accessed Index Page - [::1]:36704
2025/02/14 18:31:11 Accessed About Page - [::1]:59192
2025/02/14 18:31:37 Accessed Index Page - [::1]:36360
2025/02/14 18:33:41 Server started at Fri, 14 Feb 2025 18:33:41 EET
2025/02/14 18:33:44 Accessed Index Page - [::1]:33108
2025/02/14 18:37:18 Server started at Fri, 14 Feb 2025 18:37:18 EET
2025/02/14 18:37:22 Accessed Index Page - [::1]:39798
2025/02/14 18:37:59 Server started at Fri, 14 Feb 2025 18:37:59 EET
2025/02/14 18:38:01 Accessed Index Page - [::1]:47604
2025/02/14 18:38:12 Search Query - Pink Floyd
2025/02/14 18:47:58 Server started at Fri, 14 Feb 2025 18:47:58 EET
2025/02/14 18:48:06 Accessed Index Page - [::1]:44904
2025/02/14 18:48:08 Filter Query - creationDateStart=1900&creationDateEnd=2024&firstAlbumDateStart=1900&firstAlbumDateEnd=2024
2025/02/14 18:48:12 Filter Query - creationDateStart=2000&creationDateEnd=2024&firstAlbumDateStart=1900&firstAlbumDateEnd=2024
2025/02/14 18:48:23 Filter Query - creationDateStart=2000&creationDateEnd=2000&firstAlbumDateStart=1900&firstAlbumDateEnd=2024
2025/02/18 20:46:49 Server started at Tue, 18 Feb 2025 20:46:49 EET
2025/02/18 20:46:53 Accessed Index Page - [::1]:43554
2025/02/18 20:46:58 Accessed Index Page - [::1]:43554
2025/02/18 20:47:50 Search Query - mexico
2025/02/18 21:08:52 Server started at Tue, 18 Feb 2025 21:08:52 EET
2025/02/18 21:08:55 Accessed Index Page - [::1]:49300
2025/02/18 21:09:00 Accessed Index Page - [::1]:49300
2025/02/18 21:12:36 Server started at Tue, 18 Feb 2025 21:12:36 EET
2025/02/18 21:12:40 Accessed Index Page - [::1]:37182
2025/02/18 21:12:48 Accessed Index Page - [::1]:37182
2025/02/18 21:14:11 Server started at Tue, 18 Feb 2025 21:14:11 EET
2025/02/18 21:14:15 Accessed Index Page - [::1]:39856
2025/02/18 21:25:47 Server started at Tue, 18 Feb 2025 21:25:47 EET
2025/02/18 21:25:50 Accessed Index Page - [::1]:52978
2025/02/18 21:25:56 Accessed Index Page - [::1]:52978
2025/02/18 21:40:52 Server started at Tue, 18 Feb 2025 21:40:52 EET
2025/02/18 21:40:56 Accessed Index Page - [::1]:39646
2025/02/18 21:42:50 Server started at Tue, 18 Feb 2025 21:42:50 EET
2025/02/18 21:42:54 Accessed Index Page - [::1]:51604
2025/02/18 21:42:57 Accessed Index Page - [::1]:51604
2025/02/18 21:47:26 Server started at Tue, 18 Feb 2025 21:47:26 EET
2025/02/18 21:47:28 Accessed Index Page - [::1]:57086
2025/02/18 21:47:39 Accessed Index Page - [::1]:57100
2025/02/18 21:48:24 Accessed Index Page - [::1]:57086
2025/02/18 21:48:32 Accessed Index Page - [::1]:57086
2025/02/18 21:48:35 Accessed About Page - [::1]:57086
2025/02/18 21:49:50 Server started at Tue, 18 Feb 2025 21:49:50 EET
2025/02/18 21:50:55 Server started at Tue, 18 Feb 2025 21:50:55 EET
2025/02/18 21:51:00 Accessed Index Page - [::1]:50312
2025/02/18 21:51:22 Accessed About Page - [::1]:50312
2025/02/18 21:51:55 Accessed Index Page - [::1]:50312
2025/02/18 21:52:21 Accessed Index Page - [::1]:50312
2025/02/18 21:52:24 Accessed Index Page - [::1]:50312
2025/02/18 21:52:36 Server started at Tue, 18 Feb 2025 21:52:36 EET
2025/02/18 21:52:40 Accessed Index Page - [::1]:59030
2025/02/18 21:52:42 Accessed Index Page - [::1]:59030
2025/02/18 21:52:46 Accessed Index Page - [::1]:59030
2025/02/18 21:54:07 Accessed Index Page - [::1]:59030
2025/02/18 21:54:50 Accessed Index Page - [::1]:59030
2025/02/18 21:54:56 Accessed Index Page - [::1]:59030
2025/02/18 21:55:28 Accessed Index Page - [::1]:59030
2025/02/18 21:55:30 Accessed Index Page - [::1]:59030
2025/02/18 21:55:42 Accessed Index Page - [::1]:59030
2025/02/18 21:55:44 Accessed Index Page - [::1]:59030
2025/02/18 21:55:56 Server started at Tue, 18 Feb 2025 21:55:56 EET
2025/02/18 21:55:59 Accessed Index Page - [::1]:39930
2025/02/18 21:56:04 Accessed Index Page - [::1]:39930
2025/02/18 21:56:38 Accessed Index Page - [::1]:39930
2025/02/18 21:57:00 Accessed Index Page - [::1]:39930
2025/02/18 21:57:28 Accessed Index Page - [::1]:56666
2025/02/18 21:57:47 Accessed Index Page - [::1]:39930
2025/02/18 21:58:05 Accessed Index Page - [::1]:56666
2025/02/18 21:58:07 Accessed Index Page - [::1]:56666
2025/02/18 21:58:19 Accessed Index Page - [::1]:39930
2025/02/18 21:58:23 Accessed Index Page - [::1]:39930
2025/02/18 21:58:29 Accessed Index Page - [::1]:56666
2025/02/18 21:58:40 Accessed Index Page - [::1]:39930
2025/02/18 21:58:53 Accessed Index Page - [::1]:56666
2025/02/18 21:59:33 Accessed Index Page - [::1]:56666
2025/02/18 22:03:51 Server started at Tue, 18 Feb 2025 22:03:51 EET
2025/02/18 22:03:52 Accessed Index Page - [::1]:58278
2025/02/18 22:04:33 Accessed Index Page - [::1]:58278
2025/02/18 22:04:52 Accessed Index Page - [::1]:58278
2025/02/18 22:05:03 Accessed Index Page - [::1]:58278
2025/02/18 22:06:07 Accessed Index Page - [::1]:58278
2025/02/18 22:06:10 Accessed Index Page - [::1]:58278
2025/02/18 22:06:20 Accessed Index Page - [::1]:58278
2025/02/18 22:07:19 Accessed Index Page - [::1]:58278
2025/02/19 12:18:56 Server started at Wed, 19 Feb 2025 12:18:56 EET
2025/02/19 12:19:06 Accessed Index Page - [::1]:39962
2025/02/19 12:24:54 Accessed Index Page - [::1]:54852
2025/02/19 12:24:59 Accessed Index Page - [::1]:54852
2025/02/19 12:26:06 Accessed Index Page - [::1]:54852
2025/02/19 12:26:13 Accessed Index Page - [::1]:54852
2025/02/19 12:27:10 Accessed Index Page - [::1]:54852
2025/02/19 12:27:22 Accessed Index Page - [::1]:54852
2025/02/19 12:28:56 Accessed Index Page - [::1]:54852
2025/02/19 14:34:20 Accessed Index Page - [::1]:44830
2025/02/19 14:34:22 Accessed Index Page - [::1]:44830
2025/02/19 14:34:24 Accessed Index Page - [::1]:44830
2025/02/19 14:34:30 Server started at Wed, 19 Feb 2025 14:34:30 EET
2025/02/19 14:34:33 Accessed Index Page - [::1]:60916
2025/02/19 14:35:04 Accessed Index Page - [::1]:60916
2025/02/19 14:37:36 Accessed Index Page - [::1]:60916
2025/02/19 14:37:49 Accessed Index Page - [::1]:60916
2025/02/19 14:38:22 Accessed Index Page - [::1]:60916
2025/02/19 14:38:33 Accessed Index Page - [::1]:60916
2025/02/19 14:38:43 Accessed Index Page - [::1]:60916
2025/02/19 14:39:18 Accessed Index Page - [::1]:44294
2025/02/19 14:39:51 Accessed Index Page - [::1]:60916
2025/02/19 14:52:44 Accessed Index Page - [::1]:36638
2025/02/19 14:53:11 Accessed Index Page - [::1]:36652
2025/02/19 14:58:10 Accessed Index Page - [::1]:36652
2025/02/19 15:00:14 Accessed Index Page - [::1]:36652
2025/02/19 15:00:38 Accessed Index Page - [::1]:36652
2025/02/19 15:00:59 Accessed Index Page - [::1]:36652
2025/02/19 15:01:22 Accessed Index Page - [::1]:36652
2025/02/19 15:01:55 Accessed Index Page - [::1]:36652
2025/02/19 15:06:53 Accessed Index Page - [::1]:36652
2025/02/19 15:10:00 Accessed Index Page - [::1]:54126
2025/02/19 15:10:10 Accessed Index Page - [::1]:54126
2025/02/19 15:10:17 Accessed Index Page - [::1]:54126
2025/02/19 15:11:12 Accessed Index Page - [::1]:36652
2025/02/19 15:18:47 Server started at Wed, 19 Feb 2025 15:18:47 EET
2025/02/19 15:18:49 Accessed Index Page - [::1]:50432
2025/02/19 19:58:51 Server started at Wed, 19 Feb 2025 19:58:51 EET
2025/02/19 19:58:56 Accessed Index Page - [::1]:41358
2025/02/19 20:01:40 Accessed Index Page - [::1]:41364
2025/02/19 20:01:55 Accessed About Page - [::1]:41364
2025/02/19 20:02:12 Accessed Index Page - [::1]:41364
2025/02/19 20:02:51 Accessed Index Page - [::1]:41364
2025/02/19 20:03:27 Accessed Index Page - [::1]:41364
2025/02/19 20:13:03 Accessed Index Page - [::1]:44666
2025/03/04 20:49:59 Server started at Tue, 04 Mar 2025 20:49:59 EET
2025/03/04 20:50:45 Accessed Index Page - [::1]:60456
2025/03/04 21:02:05 Server started at Tue, 04 Mar 2025 21:02:05 EET
2025/03/04 21:02:10 Accessed Index Page - [::1]:60845
2025/03/04 21:03:12 Server started at Tue, 04 Mar 2025 21:03:12 EET
2025/03/04 21:03:19 Accessed Index Page - [::1]:60995
2025/03/04 21:03:43 Accessed Index Page - [::1]:60995
2025/03/04 21:23:12 Server started at Tue, 04 Mar 2025 21:23:12 EET
2025/03/04 21:23:19 Accessed Index Page - [::1]:61521
2025/03/04 21:27:32 Server started at Tue, 04 Mar 2025 21:27:32 EET
2025/03/04 21:27:37 Accessed Index Page - [::1]:61718
2025/03/04 21:27:56 Accessed Index Page - [::1]:61733
2025/03/04 21:28:12 Accessed Index Page - [::1]:61741
2025/03/04 21:28:59 Accessed Index Page - [::1]:61756
2025/03/04 21:29:11 Accessed Index Page - [::1]:61764
2025/03/04 21:30:51 Accessed Index Page - [::1]:61800
2025/03/04 21:33:57 Accessed Index Page - [::1]:61896
2025/03/04 21:34:33 Accessed Index Page - [::1]:61910
2025/03/04 21:34:41 Accessed Index Page - [::1]:61920
2025/03/04 21:35:38 Accessed Index Page - [::1]:61940
2025/03/04 21:43:14 Server started at Tue, 04 Mar 2025 21:43:13 EET
2025/03/04 21:43:18 Accessed Index Page - [::1]:62163
2025/03/04 21:45:17 Accessed Index Page - [::1]:62212
2025/03/04 21:45:59 Server started at Tue, 04 Mar 2025 21:45:59 EET
2025/03/04 21:46:05 Accessed Index Page - [::1]:62381
2025/03/04 21:46:15 Accessed Index Page - [::1]:62393
2025/03/04 21:46:30 Accessed Index Page - [::1]:62407
2025/03/04 21:46:53 Accessed Index Page - [::1]:62419
2025/03/04 21:48:24 Server started at Tue, 04 Mar 2025 21:48:24 EET
2025/03/04 21:48:42 Accessed Index Page - [::1]:62598
2025/03/04 21:48:57 Accessed Index Page - [::1]:62598
2025/03/04 21:50:09 Server started at Tue, 04 Mar 2025 21:50:09 EET
2025/03/04 21:50:18 Accessed Index Page - [::1]:62787
2025/03/04 21:50:32 Accessed Index Page - [::1]:62787
2025/03/04 21:51:47 Accessed Index Page - [::1]:62787
2025/03/04 21:53:46 Server started at Tue, 04 Mar 2025 21:53:46 EET
2025/03/04 21:53:50 Accessed Index Page - [::1]:62952
2025/03/04 21:56:55 Accessed Index Page - [::1]:63211
2025/03/04 21:57:17 Accessed Index Page - [::1]:63227
2025/03/04 22:00:08 Accessed Index Page - [::1]:63344
